<?xml version="1.0" encoding="UTF-8"?>
<testng-results ignored="0" total="1" passed="1" failed="0" skipped="0">
  <reporter-output>
  </reporter-output>
  <suite started-at="2022-05-30T17:10:44 IST" name="Default suite" finished-at="2022-05-30T17:11:10 IST" duration-ms="26391">
    <groups>
    </groups>
    <test started-at="2022-05-30T17:10:44 IST" name="Default test" finished-at="2022-05-30T17:11:10 IST" duration-ms="26391">
      <class name="com.flipkart.tests.PlaceOrder">
        <test-method is-config="true" signature="setUp()[pri:0, instance:com.flipkart.tests.PlaceOrder@ffaa6af]" started-at="2022-05-30T17:10:44 IST" name="setUp" finished-at="2022-05-30T17:11:04 IST" duration-ms="20617" status="PASS">
          <reporter-output>
          </reporter-output>
        </test-method> <!-- setUp -->
        <test-method signature="loginTest()[pri:0, instance:com.flipkart.tests.PlaceOrder@ffaa6af]" started-at="2022-05-30T17:11:04 IST" name="loginTest" finished-at="2022-05-30T17:11:10 IST" duration-ms="5717" status="PASS">
          <reporter-output>
          </reporter-output>
        </test-method> <!-- loginTest -->
        <test-method is-config="true" signature="afterClass()[pri:0, instance:com.flipkart.tests.PlaceOrder@ffaa6af]" started-at="2022-05-30T17:11:10 IST" name="afterClass" finished-at="2022-05-30T17:11:10 IST" duration-ms="0" status="PASS">
          <reporter-output>
          </reporter-output>
        </test-method> <!-- afterClass -->
      </class> <!-- com.flipkart.tests.PlaceOrder -->
    </test> <!-- Default test -->
  </suite> <!-- Default suite -->
</testng-results>
